<?xml version="1.0" encoding="UTF-8"?>
<!-- Generated by org.testng.reporters.JUnitXMLReporter -->
<testsuite ignored="0" hostname="LAPTOP-OJJIDCQE" failures="0" tests="3" name="OpenCart Test" time="11.191" errors="0" timestamp="2022-07-27T22:30:16 IST">
  <testcase classname="TestClasses.OpenCartTest" name="loginTest" time="2.314"/>
  <testcase classname="TestClasses.OpenCartTest" name="logoTest" time="0.041"/>
  <testcase classname="TestClasses.OpenCartTest" name="passwordLinkTest" time="0.052"/>
</testsuite> <!-- OpenCart Test -->
